<html>
<body>
<pre>
<h1>Vision2 Build Log</h1>
<h2>Project:</h2>
D:\单片机\2018 器材\1621 3A5 142个\ML 180808\03 实验 触摸屏4P\practice.uv2
Project File Date:  01/22/2013

<h2>Output:</h2>
Build target 'Target 1'
compiling test.c...
linking...
*** WARNING L16: UNCALLED SEGMENT, IGNORED FOR OVERLAY PROCESS
    SEGMENT: ?PR?_AD?TEST
*** WARNING L16: UNCALLED SEGMENT, IGNORED FOR OVERLAY PROCESS
    SEGMENT: ?PR?INITADC?TEST
*** WARNING L16: UNCALLED SEGMENT, IGNORED FOR OVERLAY PROCESS
    SEGMENT: ?PR?_GETWD?TEST
Program Size: data=13.1 xdata=0 code=1052
creating hex file from "practice"...
"practice" - 0 Error(s), 3 Warning(s).
Build target 'Target 1'
compiling test.c...
linking...
*** WARNING L16: UNCALLED SEGMENT, IGNORED FOR OVERLAY PROCESS
    SEGMENT: ?PR?_AD?TEST
*** WARNING L16: UNCALLED SEGMENT, IGNORED FOR OVERLAY PROCESS
    SEGMENT: ?PR?INITADC?TEST
Program Size: data=11.1 xdata=0 code=747
creating hex file from "practice"...
"practice" - 0 Error(s), 2 Warning(s).
Build target 'Target 1'
compiling test.c...
TEST.C(69): warning C280: 'h': unreferenced local variable
TEST.C(69): warning C280: 'm': unreferenced local variable
TEST.C(69): warning C280: 's': unreferenced local variable
linking...
*** WARNING L16: UNCALLED SEGMENT, IGNORED FOR OVERLAY PROCESS
    SEGMENT: ?PR?_AD?TEST
*** WARNING L16: UNCALLED SEGMENT, IGNORED FOR OVERLAY PROCESS
    SEGMENT: ?PR?_DELAYMS?TEST
Program Size: data=12.1 xdata=0 code=627
creating hex file from "practice"...
"practice" - 0 Error(s), 5 Warning(s).
Build target 'Target 1'
compiling test.c...
TEST.C(69): warning C280: 'h': unreferenced local variable
TEST.C(69): warning C280: 'm': unreferenced local variable
TEST.C(69): warning C280: 's': unreferenced local variable
linking...
*** WARNING L16: UNCALLED SEGMENT, IGNORED FOR OVERLAY PROCESS
    SEGMENT: ?PR?_AD?TEST
*** WARNING L16: UNCALLED SEGMENT, IGNORED FOR OVERLAY PROCESS
    SEGMENT: ?PR?_DELAYMS?TEST
Program Size: data=12.1 xdata=0 code=627
creating hex file from "practice"...
"practice" - 0 Error(s), 5 Warning(s).
Build target 'Target 1'
compiling test.c...
TEST.C(69): warning C280: 'h': unreferenced local variable
TEST.C(69): warning C280: 'm': unreferenced local variable
TEST.C(69): warning C280: 's': unreferenced local variable
linking...
*** WARNING L16: UNCALLED SEGMENT, IGNORED FOR OVERLAY PROCESS
    SEGMENT: ?PR?_AD?TEST
*** WARNING L16: UNCALLED SEGMENT, IGNORED FOR OVERLAY PROCESS
    SEGMENT: ?PR?_DELAYMS?TEST
Program Size: data=12.1 xdata=0 code=627
creating hex file from "practice"...
"practice" - 0 Error(s), 5 Warning(s).
Build target 'Target 1'
compiling test.c...
GETXY.H(50): error C231: 'ADC_CONTR': redefinition
GETXY.H(51): error C231: 'ADC_RES': redefinition
GETXY.H(52): error C231: 'ADC_LOW2': redefinition
GETXY.H(53): error C231: 'P1ASF': redefinition
GETXY.H(64): error C231: '_ad': redefinition
GETXY.H(73): error C231: '_ad': redefinition
GETXY.H(85): error C231: '_ad': redefinition
GETXY.H(156): error C237: '_Delay': function already has a body
Target not created
Build target 'Target 1'
compiling test.c...
GETXY.H(50): error C231: 'ADC_CONTR': redefinition
GETXY.H(51): error C231: 'ADC_RES': redefinition
GETXY.H(52): error C231: 'ADC_LOW2': redefinition
GETXY.H(53): error C231: 'P1ASF': redefinition
GETXY.H(64): error C231: '_ad': redefinition
GETXY.H(73): error C231: '_ad': redefinition
GETXY.H(85): error C231: '_ad': redefinition
GETXY.H(156): error C237: '_Delay': function already has a body
Target not created
Build target 'Target 1'
compiling test.c...
TEST.C(71): warning C206: 'InitADC': missing function-prototype
TEST.C(69): warning C280: 'h': unreferenced local variable
TEST.C(69): warning C280: 'm': unreferenced local variable
TEST.C(69): warning C280: 's': unreferenced local variable
linking...
*** WARNING L16: UNCALLED SEGMENT, IGNORED FOR OVERLAY PROCESS
    SEGMENT: ?PR?_GETXY?TEST
*** WARNING L16: UNCALLED SEGMENT, IGNORED FOR OVERLAY PROCESS
    SEGMENT: ?PR?_DELAYMS?TEST
*** WARNING L1: UNRESOLVED EXTERNAL SYMBOL
    SYMBOL:  INITADC
    MODULE:  test.obj (TEST)
*** WARNING L2: REFERENCE MADE TO UNRESOLVED EXTERNAL
    SYMBOL:  INITADC
    MODULE:  test.obj (TEST)
    ADDRESS: 012AH
Program Size: data=18.1 xdata=0 code=792
creating hex file from "practice"...
"practice" - 0 Error(s), 8 Warning(s).
Build target 'Target 1'
compiling test.c...
linking...
*** WARNING L16: UNCALLED SEGMENT, IGNORED FOR OVERLAY PROCESS
    SEGMENT: ?PR?_GETXY?TEST
*** WARNING L16: UNCALLED SEGMENT, IGNORED FOR OVERLAY PROCESS
    SEGMENT: ?PR?_DELAYMS?TEST
Program Size: data=15.1 xdata=0 code=789
creating hex file from "practice"...
"practice" - 0 Error(s), 2 Warning(s).
Build target 'Target 1'
compiling test.c...
TEST.C(69): warning C280: 'x': unreferenced local variable
TEST.C(69): warning C280: 'y': unreferenced local variable
linking...
*** WARNING L16: UNCALLED SEGMENT, IGNORED FOR OVERLAY PROCESS
    SEGMENT: ?PR?_GETXY?TEST
*** WARNING L16: UNCALLED SEGMENT, IGNORED FOR OVERLAY PROCESS
    SEGMENT: ?PR?_DELAYMS?TEST
Program Size: data=17.1 xdata=0 code=789
creating hex file from "practice"...
"practice" - 0 Error(s), 4 Warning(s).
Build target 'Target 1'
compiling test.c...
TEST.C(90): warning C206: 'getxt': missing function-prototype
TEST.C(90): error C267: 'getxt': requires ANSI-style prototype
Target not created
Build target 'Target 1'
compiling test.c...
linking...
*** WARNING L16: UNCALLED SEGMENT, IGNORED FOR OVERLAY PROCESS
    SEGMENT: ?PR?_DELAYMS?TEST
Program Size: data=17.1 xdata=0 code=807
creating hex file from "practice"...
"practice" - 0 Error(s), 1 Warning(s).
Build target 'Target 1'
compiling test.c...
linking...
Program Size: data=17.1 xdata=0 code=814
creating hex file from "practice"...
"practice" - 0 Error(s), 0 Warning(s).
Build target 'Target 1'
compiling test.c...
linking...
Program Size: data=17.1 xdata=0 code=814
creating hex file from "practice"...
"practice" - 0 Error(s), 0 Warning(s).
Build target 'Target 1'
compiling test.c...
linking...
Program Size: data=17.1 xdata=0 code=814
creating hex file from "practice"...
"practice" - 0 Error(s), 0 Warning(s).
Build target 'Target 1'
compiling test.c...
linking...
Program Size: data=17.1 xdata=0 code=814
creating hex file from "practice"...
"practice" - 0 Error(s), 0 Warning(s).
Build target 'Target 1'
compiling test.c...
linking...
Program Size: data=17.1 xdata=0 code=853
creating hex file from "practice"...
"practice" - 0 Error(s), 0 Warning(s).
Build target 'Target 1'
compiling test.c...
linking...
Program Size: data=17.1 xdata=0 code=884
creating hex file from "practice"...
"practice" - 0 Error(s), 0 Warning(s).
Build target 'Target 1'
compiling test.c...
linking...
Program Size: data=17.1 xdata=0 code=883
creating hex file from "practice"...
"practice" - 0 Error(s), 0 Warning(s).
Build target 'Target 1'
compiling test.c...
linking...
Program Size: data=17.1 xdata=0 code=808
creating hex file from "practice"...
"practice" - 0 Error(s), 0 Warning(s).
Build target 'Target 1'
compiling test.c...
linking...
Program Size: data=17.1 xdata=0 code=808
creating hex file from "practice"...
"practice" - 0 Error(s), 0 Warning(s).
Build target 'Target 1'
compiling test.c...
linking...
Program Size: data=17.1 xdata=0 code=812
creating hex file from "practice"...
"practice" - 0 Error(s), 0 Warning(s).
Build target 'Target 1'
compiling test.c...
linking...
Program Size: data=17.1 xdata=0 code=811
creating hex file from "practice"...
"practice" - 0 Error(s), 0 Warning(s).
Build target 'Target 1'
compiling test.c...
linking...
Program Size: data=17.1 xdata=0 code=802
creating hex file from "practice"...
"practice" - 0 Error(s), 0 Warning(s).
Build target 'Target 1'
compiling test.c...
GETXY.H(167): error C251: illegal octal digit
GETXY.H(168): error C251: illegal octal digit
Target not created
Build target 'Target 1'
compiling test.c...
linking...
Program Size: data=17.1 xdata=0 code=808
creating hex file from "practice"...
"practice" - 0 Error(s), 0 Warning(s).
Build target 'Target 1'
compiling test.c...
linking...
Program Size: data=17.1 xdata=0 code=808
creating hex file from "practice"...
"practice" - 0 Error(s), 0 Warning(s).
Build target 'Target 1'
compiling test.c...
linking...
Program Size: data=17.1 xdata=0 code=824
creating hex file from "practice"...
"practice" - 0 Error(s), 0 Warning(s).
Build target 'Target 1'
compiling test.c...
linking...
Program Size: data=17.1 xdata=0 code=808
creating hex file from "practice"...
"practice" - 0 Error(s), 0 Warning(s).
Build target 'Target 1'
compiling test.c...
linking...
Program Size: data=17.1 xdata=0 code=808
creating hex file from "practice"...
"practice" - 0 Error(s), 0 Warning(s).
Build target 'Target 1'
compiling test.c...
linking...
Program Size: data=17.1 xdata=0 code=805
creating hex file from "practice"...
"practice" - 0 Error(s), 0 Warning(s).
Build target 'Target 1'
compiling test.c...
linking...
Program Size: data=17.1 xdata=0 code=808
creating hex file from "practice"...
"practice" - 0 Error(s), 0 Warning(s).
Build target 'Target 1'
compiling test.c...
linking...
Program Size: data=17.1 xdata=0 code=808
creating hex file from "practice"...
"practice" - 0 Error(s), 0 Warning(s).
Build target 'Target 1'
compiling test.c...
linking...
Program Size: data=17.1 xdata=0 code=808
creating hex file from "practice"...
"practice" - 0 Error(s), 0 Warning(s).
